-------------------------------------------------------------------------------
Test set: com.archerprop.appinventorypc.AppInventoryPCTest
-------------------------------------------------------------------------------
Tests run: 18, Failures: 8, Errors: 0, Skipped: 0, Time elapsed: 85.34 s <<< FAILURE! - in com.archerprop.appinventorypc.AppInventoryPCTest
testearServicioEliminarArticulo  Time elapsed: 0.076 s  <<< FAILURE!
org.opentest4j.AssertionFailedError: expected: <true> but was: <false>
	at com.archerprop.appinventorypc.AppInventoryPCTest.testearServicioEliminarArticulo(AppInventoryPCTest.java:221)

testearServicioCrearArticuloStockPrecioUProveedorNegativo  Time elapsed: 2.791 s  <<< FAILURE!
org.opentest4j.AssertionFailedError: expected: <false> but was: <true>
	at com.archerprop.appinventorypc.AppInventoryPCTest.testearServicioCrearArticuloStockPrecioUProveedorNegativo(AppInventoryPCTest.java:91)

testearServicioEliminarArticuloNoExiste  Time elapsed: 0.396 s  <<< FAILURE!
org.opentest4j.AssertionFailedError: expected: <false> but was: <true>
	at com.archerprop.appinventorypc.AppInventoryPCTest.testearServicioEliminarArticuloNoExiste(AppInventoryPCTest.java:246)

testearServicioModificarArticuloComponentesNull  Time elapsed: 0.019 s  <<< FAILURE!
org.opentest4j.AssertionFailedError: expected: <true> but was: <false>
	at com.archerprop.appinventorypc.AppInventoryPCTest.testearServicioModificarArticuloComponentesNull(AppInventoryPCTest.java:156)

testearServicioModificarArticuloStockPrecioUProveedorNegativo  Time elapsed: 0.02 s  <<< FAILURE!
org.opentest4j.AssertionFailedError: expected: <true> but was: <false>
	at com.archerprop.appinventorypc.AppInventoryPCTest.testearServicioModificarArticuloStockPrecioUProveedorNegativo(AppInventoryPCTest.java:181)

testearServicioListarArticulos  Time elapsed: 0.013 s  <<< FAILURE!
org.opentest4j.AssertionFailedError: expected: <true> but was: <false>
	at com.archerprop.appinventorypc.AppInventoryPCTest.testearServicioListarArticulos(AppInventoryPCTest.java:261)

testearServicioListarArticulosVacio  Time elapsed: 0.188 s  <<< FAILURE!
org.opentest4j.AssertionFailedError: expected: <true> but was: <false>
	at com.archerprop.appinventorypc.AppInventoryPCTest.testearServicioListarArticulosVacio(AppInventoryPCTest.java:272)

testearServicioAutenticar  Time elapsed: 0.027 s  <<< FAILURE!
org.opentest4j.AssertionFailedError: expected: <true> but was: <false>
	at com.archerprop.appinventorypc.AppInventoryPCTest.testearServicioAutenticar(AppInventoryPCTest.java:323)

