<?xml version="1.0" encoding="UTF-8"?>
<testsuite xmlns:xsi="http://www.w3.org/2001/XMLSchema-instance" xsi:noNamespaceSchemaLocation="https://maven.apache.org/surefire/maven-surefire-plugin/xsd/surefire-test-report.xsd" name="com.archerprop.appinventorypc.AppInventoryPCTest" time="85.34" tests="18" errors="0" skipped="0" failures="8">
  <properties>
[...]
</properties>
  <testcase name="testearServicioListarArticulosPorNombre" classname="com.archerprop.appinventorypc.AppInventoryPCTest" time="8.37"/>
  <testcase name="testearServicioCrearArticulo" classname="com.archerprop.appinventorypc.AppInventoryPCTest" time="0.396"/>
  <testcase name="testearServicioEliminarArticulo" classname="com.archerprop.appinventorypc.AppInventoryPCTest" time="0.076">
    <failure message="expected: &lt;true&gt; but was: &lt;false&gt;" type="org.opentest4j.AssertionFailedError"><![CDATA[org.opentest4j.AssertionFailedError: expected: <true> but was: <false>
	at com.archerprop.appinventorypc.AppInventoryPCTest.testearServicioEliminarArticulo(AppInventoryPCTest.java:221)
]]></failure>
    <system-out><![CDATA[Hibernate: 
    select
        articulos0_.serial as col_0_0_ 
    from
        articulos articulos0_ 
    where
        articulos0_.serial=? limit ?
]]></system-out>
  </testcase>
  <testcase name="testearServicioCrearArticuloNull" classname="com.archerprop.appinventorypc.AppInventoryPCTest" time="0"/>
  <testcase name="testearServicioCrearUsuario" classname="com.archerprop.appinventorypc.AppInventoryPCTest" time="0.152"/>
  <testcase name="testearServicioEliminarArticuloNull" classname="com.archerprop.appinventorypc.AppInventoryPCTest" time="0"/>
  <testcase name="testearServicioCrearArticuloStockPrecioUProveedorNegativo" classname="com.archerprop.appinventorypc.AppInventoryPCTest" time="2.791">
    <failure message="expected: &lt;false&gt; but was: &lt;true&gt;" type="org.opentest4j.AssertionFailedError"><![CDATA[org.opentest4j.AssertionFailedError: expected: <false> but was: <true>
	at com.archerprop.appinventorypc.AppInventoryPCTest.testearServicioCrearArticuloStockPrecioUProveedorNegativo(AppInventoryPCTest.java:91)
]]></failure>
    <system-out><![CDATA[Hibernate: 
    select
        articulos0_.serial as col_0_0_ 
    from
        articulos articulos0_ 
    where
        articulos0_.serial=? limit ?
entro
Hibernate: 
    select
        articulos0_.serial as serial1_0_0_,
        articulos0_.proveedor as proveedo2_0_0_,
        articulos0_.fech_modi as fech_mod3_0_0_,
        articulos0_.nombre as nombre4_0_0_,
        articulos0_.preciob as preciob5_0_0_,
        articulos0_.preciou as preciou6_0_0_,
        articulos0_.stock as stock7_0_0_ 
    from
        articulos articulos0_ 
    where
        articulos0_.serial=?
Hibernate: 
    insert 
    into
        articulos
        (proveedor, fech_modi, nombre, preciob, preciou, stock, serial) 
    values
        (?, ?, ?, ?, ?, ?, ?)
]]></system-out>
  </testcase>
  <testcase name="testearServicioCrearArticuloComponentesNull" classname="com.archerprop.appinventorypc.AppInventoryPCTest" time="0.022"/>
  <testcase name="testearServicioEliminarArticuloNoExiste" classname="com.archerprop.appinventorypc.AppInventoryPCTest" time="0.396">
    <failure message="expected: &lt;false&gt; but was: &lt;true&gt;" type="org.opentest4j.AssertionFailedError"><![CDATA[org.opentest4j.AssertionFailedError: expected: <false> but was: <true>
	at com.archerprop.appinventorypc.AppInventoryPCTest.testearServicioEliminarArticuloNoExiste(AppInventoryPCTest.java:246)
]]></failure>
    <system-out><![CDATA[Hibernate: 
    select
        articulos0_.serial as col_0_0_ 
    from
        articulos articulos0_ 
    where
        articulos0_.serial=? limit ?
Hibernate: 
    select
        articulos0_.serial as serial1_0_0_,
        articulos0_.proveedor as proveedo2_0_0_,
        articulos0_.fech_modi as fech_mod3_0_0_,
        articulos0_.nombre as nombre4_0_0_,
        articulos0_.preciob as preciob5_0_0_,
        articulos0_.preciou as preciou6_0_0_,
        articulos0_.stock as stock7_0_0_ 
    from
        articulos articulos0_ 
    where
        articulos0_.serial=?
Hibernate: 
    delete 
    from
        articulos 
    where
        serial=?
]]></system-out>
  </testcase>
  <testcase name="testearServicioModificarArticuloNoExiste" classname="com.archerprop.appinventorypc.AppInventoryPCTest" time="0.025"/>
  <testcase name="testearServicioModificarArticulo" classname="com.archerprop.appinventorypc.AppInventoryPCTest" time="0.124"/>
  <testcase name="testearServicioModificarArticuloNull" classname="com.archerprop.appinventorypc.AppInventoryPCTest" time="0"/>
  <testcase name="testearServicioModificarArticuloComponentesNull" classname="com.archerprop.appinventorypc.AppInventoryPCTest" time="0.019">
    <failure message="expected: &lt;true&gt; but was: &lt;false&gt;" type="org.opentest4j.AssertionFailedError"><![CDATA[org.opentest4j.AssertionFailedError: expected: <true> but was: <false>
	at com.archerprop.appinventorypc.AppInventoryPCTest.testearServicioModificarArticuloComponentesNull(AppInventoryPCTest.java:156)
]]></failure>
    <system-out><![CDATA[Hibernate: 
    select
        articulos0_.serial as col_0_0_ 
    from
        articulos articulos0_ 
    where
        articulos0_.serial=? limit ?
]]></system-out>
  </testcase>
  <testcase name="testearServicioModificarArticuloStockPrecioUProveedorNegativo" classname="com.archerprop.appinventorypc.AppInventoryPCTest" time="0.02">
    <failure message="expected: &lt;true&gt; but was: &lt;false&gt;" type="org.opentest4j.AssertionFailedError"><![CDATA[org.opentest4j.AssertionFailedError: expected: <true> but was: <false>
	at com.archerprop.appinventorypc.AppInventoryPCTest.testearServicioModificarArticuloStockPrecioUProveedorNegativo(AppInventoryPCTest.java:181)
]]></failure>
    <system-out><![CDATA[Hibernate: 
    select
        articulos0_.serial as col_0_0_ 
    from
        articulos articulos0_ 
    where
        articulos0_.serial=? limit ?
]]></system-out>
  </testcase>
  <testcase name="testearServicioListarArticulos" classname="com.archerprop.appinventorypc.AppInventoryPCTest" time="0.013">
    <failure message="expected: &lt;true&gt; but was: &lt;false&gt;" type="org.opentest4j.AssertionFailedError"><![CDATA[org.opentest4j.AssertionFailedError: expected: <true> but was: <false>
	at com.archerprop.appinventorypc.AppInventoryPCTest.testearServicioListarArticulos(AppInventoryPCTest.java:261)
]]></failure>
    <system-out><![CDATA[Hibernate: 
    select
        articulos0_.serial as col_0_0_ 
    from
        articulos articulos0_ 
    where
        articulos0_.serial=? limit ?
]]></system-out>
  </testcase>
  <testcase name="testearServicioListarArticulosVacio" classname="com.archerprop.appinventorypc.AppInventoryPCTest" time="0.188">
    <failure message="expected: &lt;true&gt; but was: &lt;false&gt;" type="org.opentest4j.AssertionFailedError"><![CDATA[org.opentest4j.AssertionFailedError: expected: <true> but was: <false>
	at com.archerprop.appinventorypc.AppInventoryPCTest.testearServicioListarArticulosVacio(AppInventoryPCTest.java:272)
]]></failure>
    <system-out><![CDATA[Hibernate: 
    select
        articulos0_.serial as serial1_0_,
        articulos0_.proveedor as proveedo2_0_,
        articulos0_.fech_modi as fech_mod3_0_,
        articulos0_.nombre as nombre4_0_,
        articulos0_.preciob as preciob5_0_,
        articulos0_.preciou as preciou6_0_,
        articulos0_.stock as stock7_0_ 
    from
        articulos articulos0_
]]></system-out>
  </testcase>
  <testcase name="testearServicioCrearArticuloYaExiste" classname="com.archerprop.appinventorypc.AppInventoryPCTest" time="0.113"/>
  <testcase name="testearServicioAutenticar" classname="com.archerprop.appinventorypc.AppInventoryPCTest" time="0.027">
    <failure message="expected: &lt;true&gt; but was: &lt;false&gt;" type="org.opentest4j.AssertionFailedError"><![CDATA[org.opentest4j.AssertionFailedError: expected: <true> but was: <false>
	at com.archerprop.appinventorypc.AppInventoryPCTest.testearServicioAutenticar(AppInventoryPCTest.java:323)
]]></failure>
    <system-out><![CDATA[Hibernate: 
    select
        usuarios0_.cedula as col_0_0_ 
    from
        usuarios usuarios0_ 
    where
        usuarios0_.cedula=? limit ?
]]></system-out>
  </testcase>
</testsuite>