<?xml version="1.0" encoding="UTF-8"?>
<testsuite xmlns:xsi="http://www.w3.org/2001/XMLSchema-instance" xsi:noNamespaceSchemaLocation="https://maven.apache.org/surefire/maven-surefire-plugin/xsd/surefire-test-report.xsd" name="AppInAppInventoryPCTest.AppInAppInventoryPCTest" time="0.646" tests="1" errors="1" skipped="0" failures="0">
  <properties>
[...]
</properties>
  <testcase name="AppInAppInventoryPCTest.AppInAppInventoryPCTest" classname="AppInAppInventoryPCTest.AppInAppInventoryPCTest" time="0.645">
    <error message="Unable to find a @SpringBootConfiguration, you need to use @ContextConfiguration or @SpringBootTest(classes=...) with your test" type="java.lang.IllegalStateException">java.lang.IllegalStateException: Unable to find a @SpringBootConfiguration, you need to use @ContextConfiguration or @SpringBootTest(classes=...) with your test
</error>
    <system-out><![CDATA[(2022-11-03 09:33:42,889 INFO o.s.t.c.s.AbstractTestContextBootstrapper [main] Neither @ContextConfiguration nor @ContextHierarchy found for test class [AppInAppInventoryPCTest.AppInAppInventoryPCTest], using SpringBootContextLoader
(2022-11-03 09:33:42,899 INFO o.s.t.c.s.AbstractContextLoader [main] Could not detect default resource locations for test class [AppInAppInventoryPCTest.AppInAppInventoryPCTest]: no resource found for suffixes {-context.xml, Context.groovy}.
(2022-11-03 09:33:42,900 INFO o.s.t.c.s.AnnotationConfigContextLoaderUtils [main] Could not detect default configuration classes for test class [AppInAppInventoryPCTest.AppInAppInventoryPCTest]: AppInAppInventoryPCTest does not declare any static, non-private, non-final, nested classes annotated with @Configuration.
(2022-11-03 09:33:42,972 INFO o.s.t.c.s.AbstractTestContextBootstrapper [main] Neither @ContextConfiguration nor @ContextHierarchy found for test class [AppInAppInventoryPCTest.AppInAppInventoryPCTest], using SpringBootContextLoader
(2022-11-03 09:33:42,973 INFO o.s.t.c.s.AbstractContextLoader [main] Could not detect default resource locations for test class [AppInAppInventoryPCTest.AppInAppInventoryPCTest]: no resource found for suffixes {-context.xml, Context.groovy}.
(2022-11-03 09:33:42,974 INFO o.s.t.c.s.AnnotationConfigContextLoaderUtils [main] Could not detect default configuration classes for test class [AppInAppInventoryPCTest.AppInAppInventoryPCTest]: AppInAppInventoryPCTest does not declare any static, non-private, non-final, nested classes annotated with @Configuration.
(2022-11-03 09:33:42,978 INFO o.s.t.c.s.AbstractTestContextBootstrapper [main] Neither @ContextConfiguration nor @ContextHierarchy found for test class [AppInAppInventoryPCTest.AppInAppInventoryPCTest], using SpringBootContextLoader
(2022-11-03 09:33:42,979 INFO o.s.t.c.s.AbstractContextLoader [main] Could not detect default resource locations for test class [AppInAppInventoryPCTest.AppInAppInventoryPCTest]: no resource found for suffixes {-context.xml, Context.groovy}.
(2022-11-03 09:33:42,979 INFO o.s.t.c.s.AnnotationConfigContextLoaderUtils [main] Could not detect default configuration classes for test class [AppInAppInventoryPCTest.AppInAppInventoryPCTest]: AppInAppInventoryPCTest does not declare any static, non-private, non-final, nested classes annotated with @Configuration.
]]></system-out>
  </testcase>
</testsuite>